# JRE version: OpenJDK Runtime Environment (8.0_242-b01) (build 1.8.0_242-release-1644-b01)
# Java VM: OpenJDK 64-Bit Server VM (25.242-b01 mixed mode windows-amd64 compressed oops)
Heap:
 PSYoungGen      total 480768K, used 302805K [0x00000000d5580000, 0x00000000f8880000, 0x0000000100000000)
  eden space 446464K, 60% used [0x00000000d5580000,0x00000000e5bb68b8,0x00000000f0980000)
  from space 34304K, 99% used [0x00000000f0980000,0x00000000f2afed08,0x00000000f2b00000)
  to   space 39936K, 0% used [0x00000000f6180000,0x00000000f6180000,0x00000000f8880000)
 ParOldGen       total 313856K, used 71888K [0x0000000080000000, 0x0000000093280000, 0x00000000d5580000)
  object space 313856K, 22% used [0x0000000080000000,0x0000000084634000,0x0000000093280000)
 Metaspace       used 107274K, capacity 112348K, committed 112588K, reserved 1146880K
  class space    used 13734K, capacity 14759K, committed 14836K, reserved 1048576K
GC Heap History (10 events):
Event: 43.667 GC heap before
{Heap before GC invocations=19 (full 3):
 PSYoungGen      total 369664K, used 369649K [0x00000000d5580000, 0x00000000f1f00000, 0x0000000100000000)
  eden space 346112K, 100% used [0x00000000d5580000,0x00000000ea780000,0x00000000ea780000)
  from space 23552K, 99% used [0x00000000ea780000,0x00000000ebe7c7d0,0x00000000ebe80000)
  to   space 29696K, 0% used [0x00000000f0200000,0x00000000f0200000,0x00000000f1f00000)
 ParOldGen       total 205312K, used 51103K [0x0000000080000000, 0x000000008c880000, 0x00000000d5580000)
  object space 205312K, 24% used [0x0000000080000000,0x00000000831e7ea0,0x000000008c880000)
 Metaspace       used 86970K, capacity 91228K, committed 91352K, reserved 1128448K
  class space    used 11425K, capacity 12247K, committed 12288K, reserved 1048576K
Event: 43.678 GC heap after
Heap after GC invocations=19 (full 3):
 PSYoungGen      total 423424K, used 22531K [0x00000000d5580000, 0x00000000f1900000, 0x0000000100000000)
  eden space 399872K, 0% used [0x00000000d5580000,0x00000000d5580000,0x00000000edc00000)
  from space 23552K, 95% used [0x00000000f0200000,0x00000000f1800ff8,0x00000000f1900000)
  to   space 31232K, 0% used [0x00000000edc00000,0x00000000edc00000,0x00000000efa80000)
 ParOldGen       total 205312K, used 65435K [0x0000000080000000, 0x000000008c880000, 0x00000000d5580000)
  object space 205312K, 31% used [0x0000000080000000,0x0000000083fe6f18,0x000000008c880000)
 Metaspace       used 86970K, capacity 91228K, committed 91352K, reserved 1128448K
  class space    used 11425K, capacity 12247K, committed 12288K, reserved 1048576K
}
Event: 44.272 GC heap before
{Heap before GC invocations=20 (full 3):
 PSYoungGen      total 423424K, used 422403K [0x00000000d5580000, 0x00000000f1900000, 0x0000000100000000)
  eden space 399872K, 100% used [0x00000000d5580000,0x00000000edc00000,0x00000000edc00000)
  from space 23552K, 95% used [0x00000000f0200000,0x00000000f1800ff8,0x00000000f1900000)
  to   space 31232K, 0% used [0x00000000edc00000,0x00000000edc00000,0x00000000efa80000)
 ParOldGen       total 205312K, used 65441K [0x0000000080000000, 0x000000008c880000, 0x00000000d5580000)
  object space 205312K, 31% used [0x0000000080000000,0x0000000083fe8458,0x000000008c880000)
 Metaspace       used 87801K, capacity 92090K, committed 92248K, reserved 1128448K
  class space    used 11479K, capacity 12286K, committed 12416K, reserved 1048576K
Event: 44.280 GC heap after
Heap after GC invocations=20 (full 3):
 PSYoungGen      total 431104K, used 16960K [0x00000000d5580000, 0x00000000f4b00000, 0x0000000100000000)
  eden space 399872K, 0% used [0x00000000d5580000,0x00000000d5580000,0x00000000edc00000)
  from space 31232K, 54% used [0x00000000edc00000,0x00000000eec90318,0x00000000efa80000)
  to   space 30720K, 0% used [0x00000000f2d00000,0x00000000f2d00000,0x00000000f4b00000)
 ParOldGen       total 205312K, used 65449K [0x0000000080000000, 0x000000008c880000, 0x00000000d5580000)
  object space 205312K, 31% used [0x0000000080000000,0x0000000083fea458,0x000000008c880000)
 Metaspace       used 87801K, capacity 92090K, committed 92248K, reserved 1128448K
  class space    used 11479K, capacity 12286K, committed 12416K, reserved 1048576K
}
Event: 47.423 GC heap before
{Heap before GC invocations=21 (full 3):
 PSYoungGen      total 431104K, used 212284K [0x00000000d5580000, 0x00000000f4b00000, 0x0000000100000000)
  eden space 399872K, 48% used [0x00000000d5580000,0x00000000e143ede0,0x00000000edc00000)
  from space 31232K, 54% used [0x00000000edc00000,0x00000000eec90318,0x00000000efa80000)
  to   space 30720K, 0% used [0x00000000f2d00000,0x00000000f2d00000,0x00000000f4b00000)
 ParOldGen       total 205312K, used 65449K [0x0000000080000000, 0x000000008c880000, 0x00000000d5580000)
  object space 205312K, 31% used [0x0000000080000000,0x0000000083fea458,0x000000008c880000)
 Metaspace       used 93629K, capacity 98284K, committed 98380K, reserved 1134592K
  class space    used 12197K, capacity 13085K, committed 13172K, reserved 1048576K
Event: 47.433 GC heap after
Heap after GC invocations=21 (full 3):
 PSYoungGen      total 477184K, used 27626K [0x00000000d5580000, 0x00000000f4c80000, 0x0000000100000000)
  eden space 446464K, 0% used [0x00000000d5580000,0x00000000d5580000,0x00000000f0980000)
  from space 30720K, 89% used [0x00000000f2d00000,0x00000000f47faaf8,0x00000000f4b00000)
  to   space 34304K, 0% used [0x00000000f0980000,0x00000000f0980000,0x00000000f2b00000)
 ParOldGen       total 205312K, used 65521K [0x0000000080000000, 0x000000008c880000, 0x00000000d5580000)
  object space 205312K, 31% used [0x0000000080000000,0x0000000083ffc468,0x000000008c880000)
 Metaspace       used 93629K, capacity 98284K, committed 98380K, reserved 1134592K
  class space    used 12197K, capacity 13085K, committed 13172K, reserved 1048576K
}
Event: 47.433 GC heap before
{Heap before GC invocations=22 (full 4):
 PSYoungGen      total 477184K, used 27626K [0x00000000d5580000, 0x00000000f4c80000, 0x0000000100000000)
  eden space 446464K, 0% used [0x00000000d5580000,0x00000000d5580000,0x00000000f0980000)
  from space 30720K, 89% used [0x00000000f2d00000,0x00000000f47faaf8,0x00000000f4b00000)
  to   space 34304K, 0% used [0x00000000f0980000,0x00000000f0980000,0x00000000f2b00000)
 ParOldGen       total 205312K, used 65521K [0x0000000080000000, 0x000000008c880000, 0x00000000d5580000)
  object space 205312K, 31% used [0x0000000080000000,0x0000000083ffc468,0x000000008c880000)
 Metaspace       used 93629K, capacity 98284K, committed 98380K, reserved 1134592K
  class space    used 12197K, capacity 13085K, committed 13172K, reserved 1048576K
Event: 47.529 GC heap after
Heap after GC invocations=22 (full 4):
 PSYoungGen      total 477184K, used 0K [0x00000000d5580000, 0x00000000f4c80000, 0x0000000100000000)
  eden space 446464K, 0% used [0x00000000d5580000,0x00000000d5580000,0x00000000f0980000)
  from space 30720K, 0% used [0x00000000f2d00000,0x00000000f2d00000,0x00000000f4b00000)
  to   space 34304K, 0% used [0x00000000f0980000,0x00000000f0980000,0x00000000f2b00000)
 ParOldGen       total 313856K, used 70409K [0x0000000080000000, 0x0000000093280000, 0x00000000d5580000)
  object space 313856K, 22% used [0x0000000080000000,0x00000000844c2500,0x0000000093280000)
 Metaspace       used 93360K, capacity 97490K, committed 98380K, reserved 1134592K
  class space    used 12113K, capacity 12912K, committed 13172K, reserved 1048576K
}
Event: 167.848 GC heap before
{Heap before GC invocations=23 (full 4):
 PSYoungGen      total 477184K, used 446464K [0x00000000d5580000, 0x00000000f4c80000, 0x0000000100000000)
  eden space 446464K, 100% used [0x00000000d5580000,0x00000000f0980000,0x00000000f0980000)
  from space 30720K, 0% used [0x00000000f2d00000,0x00000000f2d00000,0x00000000f4b00000)
  to   space 34304K, 0% used [0x00000000f0980000,0x00000000f0980000,0x00000000f2b00000)
 ParOldGen       total 313856K, used 70409K [0x0000000080000000, 0x0000000093280000, 0x00000000d5580000)
  object space 313856K, 22% used [0x0000000080000000,0x00000000844c2500,0x0000000093280000)
 Metaspace       used 102386K, capacity 107140K, committed 107340K, reserved 1142784K
  class space    used 13161K, capacity 14097K, committed 14196K, reserved 1048576K
Event: 167.875 GC heap after
Heap after GC invocations=23 (full 4):
 PSYoungGen      total 480768K, used 34299K [0x00000000d5580000, 0x00000000f8880000, 0x0000000100000000)
  eden space 446464K, 0% used [0x00000000d5580000,0x00000000d5580000,0x00000000f0980000)
  from space 34304K, 99% used [0x00000000f0980000,0x00000000f2afed08,0x00000000f2b00000)
  to   space 39936K, 0% used [0x00000000f6180000,0x00000000f6180000,0x00000000f8880000)
 ParOldGen       total 313856K, used 71888K [0x0000000080000000, 0x0000000093280000, 0x00000000d5580000)
  object space 313856K, 22% used [0x0000000080000000,0x0000000084634000,0x0000000093280000)
 Metaspace       used 102386K, capacity 107140K, committed 107340K, reserved 1142784K
  class space    used 13161K, capacity 14097K, committed 14196K, reserved 1048576K
}

